<?xml version="1.0" encoding="UTF-8"?>
<!-- Generated by org.testng.reporters.JUnitReportReporter -->
<testsuite hostname="LAPTOP-7F6VQ76T" failures="0" tests="6" name="com.WEINVEST.TestC_Test" time="3.781" errors="0" timestamp="22 Mar 2020 13:36:10 GMT" skipped="0">
  <testcase classname="com.WEINVEST.TestC_Test" name="verifyPageTittle" time="2.194"/>
  <testcase classname="com.WEINVEST.TestC_Test" name="visibilityOfFullRecommendation" time="0.851"/>
  <testcase classname="com.WEINVEST.TestC_Test" name="visibilityOfFullOtherPortfolio" time="0.102"/>
  <testcase classname="com.WEINVEST.TestC_Test" name="changeWindowSize" time="0.292"/>
  <testcase classname="com.WEINVEST.TestC_Test" name="visibilityOfSortRecommendation" time="0.100"/>
  <testcase classname="com.WEINVEST.TestC_Test" name="visibilityOfSortOtherPortfolio" time="0.242"/>
</testsuite> <!-- com.WEINVEST.TestC_Test -->
