<?xml version="1.0" encoding="UTF-8"?>
<!-- Generated by org.testng.reporters.JUnitReportReporter -->
<testsuite hostname="LAPTOP-7F6VQ76T" failures="0" tests="14" name="com.WEINVEST.TestB_Test" time="28.794" errors="0" timestamp="22 Mar 2020 13:35:03 GMT" skipped="0">
  <testcase classname="com.WEINVEST.TestB_Test" name="verifyPageTittle" time="2.625"/>
  <testcase classname="com.WEINVEST.TestB_Test" name="visibilityOfAllWeatherStrategySection" time="0.404"/>
  <testcase classname="com.WEINVEST.TestB_Test" name="clickonExploreInvestmentIdeasLink" time="9.551"/>
  <testcase classname="com.WEINVEST.TestB_Test" name="visibilityOfAllWeatherStrategyPage" time="0.097"/>
  <testcase classname="com.WEINVEST.TestB_Test" name="clickonCustomizePortfolio" time="11.511"/>
  <testcase classname="com.WEINVEST.TestB_Test" name="visibilityOfPortfolioConstituentsSection" time="0.176"/>
  <testcase classname="com.WEINVEST.TestB_Test" name="clickonCustomizeButton" time="0.948"/>
  <testcase classname="com.WEINVEST.TestB_Test" name="verifyCustomizeChangedToReset" time="0.158"/>
  <testcase classname="com.WEINVEST.TestB_Test" name="clickonAddStockUnderUSEquities" time="0.401"/>
  <testcase classname="com.WEINVEST.TestB_Test" name="visibilityOfETFsTable" time="0.871"/>
  <testcase classname="com.WEINVEST.TestB_Test" name="visibilityOfBTGroupPlc" time="0.104"/>
  <testcase classname="com.WEINVEST.TestB_Test" name="clickonAddStockOfBTGroupPlc" time="0.745"/>
  <testcase classname="com.WEINVEST.TestB_Test" name="clickonDoneButton" time="0.342"/>
  <testcase classname="com.WEINVEST.TestB_Test" name="verifyBTGroupPlcAddedInPortfolio" time="0.861"/>
</testsuite> <!-- com.WEINVEST.TestB_Test -->
